<?xml version="1.0" encoding="UTF-8"?>
<testsuite xmlns:xsi="http://www.w3.org/2001/XMLSchema-instance" xsi:noNamespaceSchemaLocation="https://maven.apache.org/surefire/maven-surefire-plugin/xsd/surefire-test-report-3.0.xsd" version="3.0" name="io.cucumber.skeleton.RunCucumberTest" time="551.693" tests="46" errors="9" skipped="0" failures="1">
  <properties>
[...]
</properties>
  <testcase name="As a user I go to all categories - I accept cookies" classname="As a user I go to all categories" time="5.971">
    <system-err><![CDATA[SLF4J: Failed to load class "org.slf4j.impl.StaticLoggerBinder".
SLF4J: Defaulting to no-operation (NOP) logger implementation
SLF4J: See http://www.slf4j.org/codes.html#StaticLoggerBinder for further details.
Starting ChromeDriver 96.0.4664.45 (76e4c1bb2ab4671b8beba3444e61c0f17584b2fc-refs/branch-heads/4664@{#947}) on port 57624
Only local connections are allowed.
Please see https://chromedriver.chromium.org/security-considerations for suggestions on keeping ChromeDriver safe.
ChromeDriver was started successfully.
dic 14, 2021 12:21:25 P. M. org.openqa.selenium.remote.ProtocolHandshake createSession
INFO: Detected dialect: W3C
dic 14, 2021 12:21:27 P. M. org.openqa.selenium.devtools.CdpVersionFinder findNearestMatch
WARNING: Unable to find an exact match for CDP version 96, so returning the closest version found: 95
dic 14, 2021 12:21:27 P. M. org.openqa.selenium.devtools.CdpVersionFinder findNearestMatch
INFO: Found CDP implementation for version 96 of 95
]]></system-err>
  </testcase>
  <testcase name="As a user I go to all categories - I see all categories" classname="As a user I go to all categories" time="55.57">
    <failure type="org.opentest4j.AssertionFailedError"><![CDATA[org.opentest4j.AssertionFailedError: expected: <true> but was: <false>
]]></failure>
  </testcase>
  <testcase name="As a user I go to all categories - I click all categories" classname="As a user I go to all categories" time="33.057"/>
  <testcase name="As a user I want to create an account - I accept cookies" classname="As a user I want to create an account" time="4.565">
    <error type="org.openqa.selenium.NoSuchElementException"><![CDATA[org.openqa.selenium.NoSuchElementException: 
no such element: Unable to locate element: {"method":"xpath","selector":"//div[contains(@class,'didomi-popup-container didomi-popup__dialog didomi-popup-notice didomi-popup-notice-info-type didomi-popup-notice-with-data-processing')]"}
  (Session info: chrome=96.0.4664.110)
For documentation on this error, please visit: https://selenium.dev/exceptions/#no_such_element
Build info: version: '4.0.0', revision: '3a21814679'
System info: host: 'ERIC', ip: '192.168.0.17', os.name: 'Windows 10', os.arch: 'amd64', os.version: '10.0', java.version: '17'
Driver info: org.openqa.selenium.chrome.ChromeDriver
Command: [17d566fb36f1d7e89afed29da3e3c4fa, findElement {using=xpath, value=//div[contains(@class,'didomi-popup-container didomi-popup__dialog didomi-popup-notice didomi-popup-notice-info-type didomi-popup-notice-with-data-processing')]}]
Capabilities {acceptInsecureCerts: false, browserName: chrome, browserVersion: 96.0.4664.110, chrome: {chromedriverVersion: 96.0.4664.45 (76e4c1bb2ab46..., userDataDir: C:\Users\ERIC\AppData\Local...}, goog:chromeOptions: {debuggerAddress: localhost:52753}, javascriptEnabled: true, networkConnectionEnabled: false, pageLoadStrategy: normal, platform: WINDOWS, platformName: WINDOWS, proxy: Proxy(), se:cdp: ws://localhost:52753/devtoo..., se:cdpVersion: 96.0.4664.110, setWindowRect: true, strictFileInteractability: false, timeouts: {implicit: 0, pageLoad: 300000, script: 30000}, unhandledPromptBehavior: dismiss and notify, webauthn:extension:credBlob: true, webauthn:extension:largeBlob: true, webauthn:virtualAuthenticators: true}
Session ID: 17d566fb36f1d7e89afed29da3e3c4fa
]]></error>
  </testcase>
  <testcase name="As a user I want to create an account - Creating Account System" classname="As a user I want to create an account" time="5.851"/>
  <testcase name="As a user I want to create an account - Click &quot;Registrate gratis&quot;" classname="As a user I want to create an account" time="6.983"/>
  <testcase name="As a user I want to create an account - Regístrate gratis" classname="As a user I want to create an account" time="18.922"/>
  <testcase name="As a user I want to create an account - Trying User Name" classname="As a user I want to create an account" time="7.192"/>
  <testcase name="As a user I want to create an account - Trying Email" classname="As a user I want to create an account" time="17.472"/>
  <testcase name="As a user I want to test Instagram button - I accept cookies" classname="As a user I want to test Instagram button" time="8.17">
    <error type="org.openqa.selenium.NoSuchElementException"><![CDATA[org.openqa.selenium.NoSuchElementException: 
no such element: Unable to locate element: {"method":"xpath","selector":"//div[contains(@class,'didomi-popup-container didomi-popup__dialog didomi-popup-notice didomi-popup-notice-info-type didomi-popup-notice-with-data-processing')]"}
  (Session info: chrome=96.0.4664.110)
For documentation on this error, please visit: https://selenium.dev/exceptions/#no_such_element
Build info: version: '4.0.0', revision: '3a21814679'
System info: host: 'ERIC', ip: '192.168.0.17', os.name: 'Windows 10', os.arch: 'amd64', os.version: '10.0', java.version: '17'
Driver info: org.openqa.selenium.chrome.ChromeDriver
Command: [17d566fb36f1d7e89afed29da3e3c4fa, findElement {using=xpath, value=//div[contains(@class,'didomi-popup-container didomi-popup__dialog didomi-popup-notice didomi-popup-notice-info-type didomi-popup-notice-with-data-processing')]}]
Capabilities {acceptInsecureCerts: false, browserName: chrome, browserVersion: 96.0.4664.110, chrome: {chromedriverVersion: 96.0.4664.45 (76e4c1bb2ab46..., userDataDir: C:\Users\ERIC\AppData\Local...}, goog:chromeOptions: {debuggerAddress: localhost:52753}, javascriptEnabled: true, networkConnectionEnabled: false, pageLoadStrategy: normal, platform: WINDOWS, platformName: WINDOWS, proxy: Proxy(), se:cdp: ws://localhost:52753/devtoo..., se:cdpVersion: 96.0.4664.110, setWindowRect: true, strictFileInteractability: false, timeouts: {implicit: 0, pageLoad: 300000, script: 30000}, unhandledPromptBehavior: dismiss and notify, webauthn:extension:credBlob: true, webauthn:extension:largeBlob: true, webauthn:virtualAuthenticators: true}
Session ID: 17d566fb36f1d7e89afed29da3e3c4fa
]]></error>
  </testcase>
  <testcase name="As a user I want to test Instagram button - I should see Instragram" classname="As a user I want to test Instagram button" time="5.05"/>
  <testcase name="As a user I want to test Instagram button - I click on Instagram" classname="As a user I want to test Instagram button" time="18.304"/>
  <testcase name="As a user I want to test Instagram button - I accept cookies Instagram" classname="As a user I want to test Instagram button" time="6.018"/>
  <testcase name="Testing search bar - I accept cookies" classname="Testing search bar" time="4.86">
    <error type="org.openqa.selenium.NoSuchElementException"><![CDATA[org.openqa.selenium.NoSuchElementException: 
no such element: Unable to locate element: {"method":"xpath","selector":"//div[contains(@class,'didomi-popup-container didomi-popup__dialog didomi-popup-notice didomi-popup-notice-info-type didomi-popup-notice-with-data-processing')]"}
  (Session info: chrome=96.0.4664.110)
For documentation on this error, please visit: https://selenium.dev/exceptions/#no_such_element
Build info: version: '4.0.0', revision: '3a21814679'
System info: host: 'ERIC', ip: '192.168.0.17', os.name: 'Windows 10', os.arch: 'amd64', os.version: '10.0', java.version: '17'
Driver info: org.openqa.selenium.chrome.ChromeDriver
Command: [17d566fb36f1d7e89afed29da3e3c4fa, findElement {using=xpath, value=//div[contains(@class,'didomi-popup-container didomi-popup__dialog didomi-popup-notice didomi-popup-notice-info-type didomi-popup-notice-with-data-processing')]}]
Capabilities {acceptInsecureCerts: false, browserName: chrome, browserVersion: 96.0.4664.110, chrome: {chromedriverVersion: 96.0.4664.45 (76e4c1bb2ab46..., userDataDir: C:\Users\ERIC\AppData\Local...}, goog:chromeOptions: {debuggerAddress: localhost:52753}, javascriptEnabled: true, networkConnectionEnabled: false, pageLoadStrategy: normal, platform: WINDOWS, platformName: WINDOWS, proxy: Proxy(), se:cdp: ws://localhost:52753/devtoo..., se:cdpVersion: 96.0.4664.110, setWindowRect: true, strictFileInteractability: false, timeouts: {implicit: 0, pageLoad: 300000, script: 30000}, unhandledPromptBehavior: dismiss and notify, webauthn:extension:credBlob: true, webauthn:extension:largeBlob: true, webauthn:virtualAuthenticators: true}
Session ID: 17d566fb36f1d7e89afed29da3e3c4fa
]]></error>
  </testcase>
  <testcase name="Testing search bar - I see search bar" classname="Testing search bar" time="3.521"/>
  <testcase name="Testing search bar - I write on search bar" classname="Testing search bar" time="18.074"/>
  <testcase name="Testing search bar - I click on &quot;Portada&quot;" classname="Testing search bar" time="13.924"/>
  <testcase name="Testing search bar - I click on &quot;Noticias&quot;" classname="Testing search bar" time="9.019"/>
  <testcase name="As a user I do the Authentication System - I accept cookies" classname="As a user I do the Authentication System" time="1.923">
    <error type="org.openqa.selenium.NoSuchElementException"><![CDATA[org.openqa.selenium.NoSuchElementException: 
no such element: Unable to locate element: {"method":"xpath","selector":"//div[contains(@class,'didomi-popup-container didomi-popup__dialog didomi-popup-notice didomi-popup-notice-info-type didomi-popup-notice-with-data-processing')]"}
  (Session info: chrome=96.0.4664.110)
For documentation on this error, please visit: https://selenium.dev/exceptions/#no_such_element
Build info: version: '4.0.0', revision: '3a21814679'
System info: host: 'ERIC', ip: '192.168.0.17', os.name: 'Windows 10', os.arch: 'amd64', os.version: '10.0', java.version: '17'
Driver info: org.openqa.selenium.chrome.ChromeDriver
Command: [17d566fb36f1d7e89afed29da3e3c4fa, findElement {using=xpath, value=//div[contains(@class,'didomi-popup-container didomi-popup__dialog didomi-popup-notice didomi-popup-notice-info-type didomi-popup-notice-with-data-processing')]}]
Capabilities {acceptInsecureCerts: false, browserName: chrome, browserVersion: 96.0.4664.110, chrome: {chromedriverVersion: 96.0.4664.45 (76e4c1bb2ab46..., userDataDir: C:\Users\ERIC\AppData\Local...}, goog:chromeOptions: {debuggerAddress: localhost:52753}, javascriptEnabled: true, networkConnectionEnabled: false, pageLoadStrategy: normal, platform: WINDOWS, platformName: WINDOWS, proxy: Proxy(), se:cdp: ws://localhost:52753/devtoo..., se:cdpVersion: 96.0.4664.110, setWindowRect: true, strictFileInteractability: false, timeouts: {implicit: 0, pageLoad: 300000, script: 30000}, unhandledPromptBehavior: dismiss and notify, webauthn:extension:credBlob: true, webauthn:extension:largeBlob: true, webauthn:virtualAuthenticators: true}
Session ID: 17d566fb36f1d7e89afed29da3e3c4fa
]]></error>
  </testcase>
  <testcase name="As a user I do the Authentication System - Authentication System" classname="As a user I do the Authentication System" time="16.509"/>
  <testcase name="As a user I do the Authentication System - Click &quot;Iniciar sesion&quot;" classname="As a user I do the Authentication System" time="7.596"/>
  <testcase name="As a user I do the Authentication System - &quot;Iniciar sesion&quot;" classname="As a user I do the Authentication System" time="7.728"/>
  <testcase name="As a user I do the Authentication System - I introduce random elements to log-in" classname="As a user I do the Authentication System" time="13.071"/>
  <testcase name="As a user I do the Authentication System - I introduce elements to log-in correctly user" classname="As a user I do the Authentication System" time="9.296"/>
  <testcase name="As a user I want to search in &quot;Foro&quot; - I accept cookies" classname="As a user I want to search in &quot;Foro&quot;" time="4.046">
    <error type="org.openqa.selenium.NoSuchElementException"><![CDATA[org.openqa.selenium.NoSuchElementException: 
no such element: Unable to locate element: {"method":"xpath","selector":"//div[contains(@class,'didomi-popup-container didomi-popup__dialog didomi-popup-notice didomi-popup-notice-info-type didomi-popup-notice-with-data-processing')]"}
  (Session info: chrome=96.0.4664.110)
For documentation on this error, please visit: https://selenium.dev/exceptions/#no_such_element
Build info: version: '4.0.0', revision: '3a21814679'
System info: host: 'ERIC', ip: '192.168.0.17', os.name: 'Windows 10', os.arch: 'amd64', os.version: '10.0', java.version: '17'
Driver info: org.openqa.selenium.chrome.ChromeDriver
Command: [17d566fb36f1d7e89afed29da3e3c4fa, findElement {using=xpath, value=//div[contains(@class,'didomi-popup-container didomi-popup__dialog didomi-popup-notice didomi-popup-notice-info-type didomi-popup-notice-with-data-processing')]}]
Capabilities {acceptInsecureCerts: false, browserName: chrome, browserVersion: 96.0.4664.110, chrome: {chromedriverVersion: 96.0.4664.45 (76e4c1bb2ab46..., userDataDir: C:\Users\ERIC\AppData\Local...}, goog:chromeOptions: {debuggerAddress: localhost:52753}, javascriptEnabled: true, networkConnectionEnabled: false, pageLoadStrategy: normal, platform: WINDOWS, platformName: WINDOWS, proxy: Proxy(), se:cdp: ws://localhost:52753/devtoo..., se:cdpVersion: 96.0.4664.110, setWindowRect: true, strictFileInteractability: false, timeouts: {implicit: 0, pageLoad: 300000, script: 30000}, unhandledPromptBehavior: dismiss and notify, webauthn:extension:credBlob: true, webauthn:extension:largeBlob: true, webauthn:virtualAuthenticators: true}
Session ID: 17d566fb36f1d7e89afed29da3e3c4fa
]]></error>
  </testcase>
  <testcase name="As a user I want to search in &quot;Foro&quot; - I should see the foro button" classname="As a user I want to search in &quot;Foro&quot;" time="17.306"/>
  <testcase name="As a user I want to search in &quot;Foro&quot; - I should see &quot;Foros&quot; searcher" classname="As a user I want to search in &quot;Foro&quot;" time="5.372"/>
  <testcase name="As a user I want to search in &quot;Foro&quot; - I enter info in &quot;Foros&quot; searcher" classname="As a user I want to search in &quot;Foro&quot;" time="6.313"/>
  <testcase name="As a user I want to change the language of the page - I accept cookies" classname="As a user I want to change the language of the page" time="3.956">
    <error type="org.openqa.selenium.NoSuchElementException"><![CDATA[org.openqa.selenium.NoSuchElementException: 
no such element: Unable to locate element: {"method":"xpath","selector":"//div[contains(@class,'didomi-popup-container didomi-popup__dialog didomi-popup-notice didomi-popup-notice-info-type didomi-popup-notice-with-data-processing')]"}
  (Session info: chrome=96.0.4664.110)
For documentation on this error, please visit: https://selenium.dev/exceptions/#no_such_element
Build info: version: '4.0.0', revision: '3a21814679'
System info: host: 'ERIC', ip: '192.168.0.17', os.name: 'Windows 10', os.arch: 'amd64', os.version: '10.0', java.version: '17'
Driver info: org.openqa.selenium.chrome.ChromeDriver
Command: [17d566fb36f1d7e89afed29da3e3c4fa, findElement {using=xpath, value=//div[contains(@class,'didomi-popup-container didomi-popup__dialog didomi-popup-notice didomi-popup-notice-info-type didomi-popup-notice-with-data-processing')]}]
Capabilities {acceptInsecureCerts: false, browserName: chrome, browserVersion: 96.0.4664.110, chrome: {chromedriverVersion: 96.0.4664.45 (76e4c1bb2ab46..., userDataDir: C:\Users\ERIC\AppData\Local...}, goog:chromeOptions: {debuggerAddress: localhost:52753}, javascriptEnabled: true, networkConnectionEnabled: false, pageLoadStrategy: normal, platform: WINDOWS, platformName: WINDOWS, proxy: Proxy(), se:cdp: ws://localhost:52753/devtoo..., se:cdpVersion: 96.0.4664.110, setWindowRect: true, strictFileInteractability: false, timeouts: {implicit: 0, pageLoad: 300000, script: 30000}, unhandledPromptBehavior: dismiss and notify, webauthn:extension:credBlob: true, webauthn:extension:largeBlob: true, webauthn:virtualAuthenticators: true}
Session ID: 17d566fb36f1d7e89afed29da3e3c4fa
]]></error>
  </testcase>
  <testcase name="As a user I want to change the language of the page - I see language" classname="As a user I want to change the language of the page" time="9.278"/>
  <testcase name="As a user I want to change the language of the page - I click on language" classname="As a user I want to change the language of the page" time="15.958"/>
  <testcase name="As a user I want to change the language of the page - Change language" classname="As a user I want to change the language of the page" time="7.907"/>
  <testcase name="As a user I want to test some categories - I accept cookies" classname="As a user I want to test some categories" time="4.27">
    <error type="org.openqa.selenium.NoSuchElementException"><![CDATA[org.openqa.selenium.NoSuchElementException: 
no such element: Unable to locate element: {"method":"xpath","selector":"//div[contains(@class,'didomi-popup-container didomi-popup__dialog didomi-popup-notice didomi-popup-notice-info-type didomi-popup-notice-with-data-processing')]"}
  (Session info: chrome=96.0.4664.110)
For documentation on this error, please visit: https://selenium.dev/exceptions/#no_such_element
Build info: version: '4.0.0', revision: '3a21814679'
System info: host: 'ERIC', ip: '192.168.0.17', os.name: 'Windows 10', os.arch: 'amd64', os.version: '10.0', java.version: '17'
Driver info: org.openqa.selenium.chrome.ChromeDriver
Command: [17d566fb36f1d7e89afed29da3e3c4fa, findElement {using=xpath, value=//div[contains(@class,'didomi-popup-container didomi-popup__dialog didomi-popup-notice didomi-popup-notice-info-type didomi-popup-notice-with-data-processing')]}]
Capabilities {acceptInsecureCerts: false, browserName: chrome, browserVersion: 96.0.4664.110, chrome: {chromedriverVersion: 96.0.4664.45 (76e4c1bb2ab46..., userDataDir: C:\Users\ERIC\AppData\Local...}, goog:chromeOptions: {debuggerAddress: localhost:52753}, javascriptEnabled: true, networkConnectionEnabled: false, pageLoadStrategy: normal, platform: WINDOWS, platformName: WINDOWS, proxy: Proxy(), se:cdp: ws://localhost:52753/devtoo..., se:cdpVersion: 96.0.4664.110, setWindowRect: true, strictFileInteractability: false, timeouts: {implicit: 0, pageLoad: 300000, script: 30000}, unhandledPromptBehavior: dismiss and notify, webauthn:extension:credBlob: true, webauthn:extension:largeBlob: true, webauthn:virtualAuthenticators: true}
Session ID: 17d566fb36f1d7e89afed29da3e3c4fa
]]></error>
  </testcase>
  <testcase name="As a user I want to test some categories - My website can be browsed" classname="As a user I want to test some categories" time="9.259"/>
  <testcase name="As a user I want to test some categories - See and click to &quot;Noticias PC&quot; button" classname="As a user I want to test some categories" time="37.768"/>
  <testcase name="As a user I want to test some categories - See and click to &quot;Populares&quot; button" classname="As a user I want to test some categories" time="12.859"/>
  <testcase name="As a user I want to see top 100 games - I accept cookies" classname="As a user I want to see top 100 games" time="6.316">
    <error type="org.openqa.selenium.NoSuchElementException"><![CDATA[org.openqa.selenium.NoSuchElementException: 
no such element: Unable to locate element: {"method":"xpath","selector":"//div[contains(@class,'didomi-popup-container didomi-popup__dialog didomi-popup-notice didomi-popup-notice-info-type didomi-popup-notice-with-data-processing')]"}
  (Session info: chrome=96.0.4664.110)
For documentation on this error, please visit: https://selenium.dev/exceptions/#no_such_element
Build info: version: '4.0.0', revision: '3a21814679'
System info: host: 'ERIC', ip: '192.168.0.17', os.name: 'Windows 10', os.arch: 'amd64', os.version: '10.0', java.version: '17'
Driver info: org.openqa.selenium.chrome.ChromeDriver
Command: [17d566fb36f1d7e89afed29da3e3c4fa, findElement {using=xpath, value=//div[contains(@class,'didomi-popup-container didomi-popup__dialog didomi-popup-notice didomi-popup-notice-info-type didomi-popup-notice-with-data-processing')]}]
Capabilities {acceptInsecureCerts: false, browserName: chrome, browserVersion: 96.0.4664.110, chrome: {chromedriverVersion: 96.0.4664.45 (76e4c1bb2ab46..., userDataDir: C:\Users\ERIC\AppData\Local...}, goog:chromeOptions: {debuggerAddress: localhost:52753}, javascriptEnabled: true, networkConnectionEnabled: false, pageLoadStrategy: normal, platform: WINDOWS, platformName: WINDOWS, proxy: Proxy(), se:cdp: ws://localhost:52753/devtoo..., se:cdpVersion: 96.0.4664.110, setWindowRect: true, strictFileInteractability: false, timeouts: {implicit: 0, pageLoad: 300000, script: 30000}, unhandledPromptBehavior: dismiss and notify, webauthn:extension:credBlob: true, webauthn:extension:largeBlob: true, webauthn:virtualAuthenticators: true}
Session ID: 17d566fb36f1d7e89afed29da3e3c4fa
]]></error>
  </testcase>
  <testcase name="As a user I want to see top 100 games - Click button Top 100" classname="As a user I want to see top 100 games" time="7.593"/>
  <testcase name="As a user I want to see top 100 games - See Top 100" classname="As a user I want to see top 100 games" time="7.603"/>
  <testcase name="As a user I want to see top 100 games - I see info of the game" classname="As a user I want to see top 100 games" time="14.808"/>
  <testcase name="As a user I want to see top 100 games - I go to &quot;foro&quot;" classname="As a user I want to see top 100 games" time="5.251"/>
  <testcase name="As a user I want to go to &quot;VidaExtra&quot; - I accept cookies" classname="As a user I want to go to &quot;VidaExtra&quot;" time="3.577">
    <error type="org.openqa.selenium.NoSuchElementException"><![CDATA[org.openqa.selenium.NoSuchElementException: 
no such element: Unable to locate element: {"method":"xpath","selector":"//div[contains(@class,'didomi-popup-container didomi-popup__dialog didomi-popup-notice didomi-popup-notice-info-type didomi-popup-notice-with-data-processing')]"}
  (Session info: chrome=96.0.4664.110)
For documentation on this error, please visit: https://selenium.dev/exceptions/#no_such_element
Build info: version: '4.0.0', revision: '3a21814679'
System info: host: 'ERIC', ip: '192.168.0.17', os.name: 'Windows 10', os.arch: 'amd64', os.version: '10.0', java.version: '17'
Driver info: org.openqa.selenium.chrome.ChromeDriver
Command: [17d566fb36f1d7e89afed29da3e3c4fa, findElement {using=xpath, value=//div[contains(@class,'didomi-popup-container didomi-popup__dialog didomi-popup-notice didomi-popup-notice-info-type didomi-popup-notice-with-data-processing')]}]
Capabilities {acceptInsecureCerts: false, browserName: chrome, browserVersion: 96.0.4664.110, chrome: {chromedriverVersion: 96.0.4664.45 (76e4c1bb2ab46..., userDataDir: C:\Users\ERIC\AppData\Local...}, goog:chromeOptions: {debuggerAddress: localhost:52753}, javascriptEnabled: true, networkConnectionEnabled: false, pageLoadStrategy: normal, platform: WINDOWS, platformName: WINDOWS, proxy: Proxy(), se:cdp: ws://localhost:52753/devtoo..., se:cdpVersion: 96.0.4664.110, setWindowRect: true, strictFileInteractability: false, timeouts: {implicit: 0, pageLoad: 300000, script: 30000}, unhandledPromptBehavior: dismiss and notify, webauthn:extension:credBlob: true, webauthn:extension:largeBlob: true, webauthn:virtualAuthenticators: true}
Session ID: 17d566fb36f1d7e89afed29da3e3c4fa
]]></error>
  </testcase>
  <testcase name="As a user I want to go to &quot;VidaExtra&quot; - I should see the button &quot;VidaExtra&quot;" classname="As a user I want to go to &quot;VidaExtra&quot;" time="5.899"/>
  <testcase name="As a user I want to go to &quot;VidaExtra&quot; - Accept cookies from a new page" classname="As a user I want to go to &quot;VidaExtra&quot;" time="5.098"/>
  <testcase name="As a user I want to go to &quot;VidaExtra&quot; - Click &quot;Analisis&quot;" classname="As a user I want to go to &quot;VidaExtra&quot;" time="11.582"/>
  <testcase name="As a user I want to go to &quot;VidaExtra&quot; - Click &quot;Archivo de noticias&quot;" classname="As a user I want to go to &quot;VidaExtra&quot;" time="6.929"/>
</testsuite>